This is pdfTeX, Version 3.1415926-2.5-1.40.14 (TeX Live 2013) (format=pdflatex 2014.3.4)  26 SEP 2014 20:02
entering extended mode
 restricted \write18 enabled.
 %&-line parsing enabled.
**Report/Report_draft.tex
(/usr/local/texlive/2013basic/texmf-dist/tex/latex/tools/q.tex
LaTeX2e <2011/06/27>
Babel <3.9f> and hyphenation patterns for 21 languages loaded.
File ignored
)
! Emergency stop.
<*> Report/Report_draft.tex
                           
*** (job aborted, no legal \end found)

 
Here is how much of TeX's memory you used:
 8 strings out of 494536
 287 string characters out of 6167447
 46958 words of memory out of 5000000
 3354 multiletter control sequences out of 15000+600000
 3640 words of font info for 14 fonts, out of 8000000 for 9000
 319 hyphenation exceptions out of 8191
 5i,0n,1p,103b,8s stack positions out of 5000i,500n,10000p,200000b,80000s
!  ==> Fatal error occurred, no output PDF file produced!
